
Showing logs for build [32mcb-kubecd-environment-pr-441-50-bz4xk-1[0m stage [32mfrom-build-pack[0m and container [32mstep-credential-initializer-6z2n8[0m
{"level":"warn","ts":1582018196.301718,"logger":"fallback-logger","caller":"logging/config.go:69","msg":"Fetch GitHub commit ID from kodata failed: \"ref: refs/heads/0.8.0-**-support-backwards-incompats\" is not a valid GitHub commit ID"}
{"level":"info","ts":1582018196.3025293,"logger":"fallback-logger","caller":"creds-init/main.go:40","msg":"Credentials initialized."}

Showing logs for build [32mcb-kubecd-environment-pr-441-50-bz4xk-1[0m stage [32mfrom-build-pack[0m and container [32mstep-working-dir-initializer-xs2w4[0m
{"level":"warn","ts":1582018197.6655686,"logger":"fallback-logger","caller":"logging/config.go:69","msg":"Fetch GitHub commit ID from kodata failed: open /var/run/ko/HEAD: no such file or directory"}
{"level":"info","ts":1582018197.6691678,"logger":"fallback-logger","caller":"bash/main.go:64","msg":"Successfully executed command \"sh -c mkdir -p /workspace/source\"; output "}

Showing logs for build [32mcb-kubecd-environment-pr-441-50-bz4xk-1[0m stage [32mfrom-build-pack[0m and container [32mstep-place-tools[0m

Showing logs for build [32mcb-kubecd-environment-pr-441-50-bz4xk-1[0m stage [32mfrom-build-pack[0m and container [32mstep-git-source-cb-kubecd-environment-pr-441-50-bz4xk-9s2cw[0m
{"level":"warn","ts":1582018203.805522,"logger":"fallback-logger","caller":"logging/config.go:69","msg":"Fetch GitHub commit ID from kodata failed: \"ref: refs/heads/0.8.0-**-support-backwards-incompats\" is not a valid GitHub commit ID"}
{"level":"info","ts":1582018205.1494384,"logger":"fallback-logger","caller":"git/git.go:103","msg":"Successfully cloned https://github.com/cb-kubecd/environment-pr-441-50-bdd-frontend-staging.git @ master in path /workspace/source"}

Showing logs for build [32mcb-kubecd-environment-pr-441-50-bz4xk-1[0m stage [32mfrom-build-pack[0m and container [32mstep-git-merge[0m
Using SHAs from PULL_REFS=master:cd72174ecd3281724514fbf43aad89b42b9d1048,1:aec10c7b70c28add7af75c3808382fb92b53eede
DEBUG: LC_ALL=C JX_LOG_LEVEL=error git fetch origin --unshallow aec10c7b70c28add7af75c3808382fb92b53eede: cd72174ecd3281724514fbf43aad89b42b9d1048:
DEBUG: ran git fetch --unshallow origin aec10c7b70c28add7af75c3808382fb92b53eede: cd72174ecd3281724514fbf43aad89b42b9d1048: in 
DEBUG: LC_ALL=C JX_LOG_LEVEL=error git branch
DEBUG: LC_ALL=C JX_LOG_LEVEL=error git checkout master
DEBUG: ran git checkout master in 
DEBUG: LC_ALL=C JX_LOG_LEVEL=error git reset --hard cd72174ecd3281724514fbf43aad89b42b9d1048
DEBUG: ran git reset --hard cd72174ecd3281724514fbf43aad89b42b9d1048 in 
DEBUG: LC_ALL=C JX_LOG_LEVEL=error git clean -fd .
DEBUG: ran clean --force -d . in 
DEBUG: JX_LOG_LEVEL=error LC_ALL=C git merge aec10c7b70c28add7af75c3808382fb92b53eede
DEBUG: ran git merge aec10c7b70c28add7af75c3808382fb92b53eede in 
DEBUG: LC_ALL=C JX_LOG_LEVEL=error git log --format=%H%x1f%an%x1f%ae%x1f%cn%x1f%ce%x1f%s%n%b%x1e cd72174ecd3281724514fbf43aad89b42b9d1048..HEAD
Merged SHA aec10c7b70c28add7af75c3808382fb92b53eede with commit message 'chore: Promote bdd-nh-1582017333 to version 0.0.1' into base branch master

Showing logs for build [32mcb-kubecd-environment-pr-441-50-bz4xk-1[0m stage [32mfrom-build-pack[0m and container [32mstep-build-helm-build[0m
WARNING: No $CHART_REPOSITORY defined so using the default value of: http://jenkins-x-chartmuseum:8080
Adding missing Helm repo: storage.googleapis.com https://storage.googleapis.com/chartmuseum.jenkins-x.io
WARNING: No secrets found on "helm/repos" due: reading the secret "helm/repos" from vault: no secret "helm/repos" not found in vault
Read credentials for https://storage.googleapis.com/chartmuseum.jenkins-x.io from vault helm/repos
Successfully added Helm repository storage.googleapis.com.
Adding missing Helm repo: jenkins-x-chartmuseum http://jenkins-x-chartmuseum:8080
WARNING: No secrets found on "helm/repos" due: reading the secret "helm/repos" from vault: no secret "helm/repos" not found in vault
Read credentials for http://jenkins-x-chartmuseum:8080 from vault helm/repos
Successfully added Helm repository jenkins-x-chartmuseum.
WARNING: No $CHART_REPOSITORY defined so using the default value of: http://jenkins-x-chartmuseum:8080
Adding missing Helm repo: chartmuseum.jenkins-x.io http://chartmuseum.jenkins-x.io
WARNING: No secrets found on "helm/repos" due: reading the secret "helm/repos" from vault: no secret "helm/repos" not found in vault
Read credentials for http://chartmuseum.jenkins-x.io from vault helm/repos
Successfully added Helm repository chartmuseum.jenkins-x.io.
